<<<<<<< HEAD
2017-09-21   18:19:33   INFO    - Logged user: 2
2017-09-21   18:19:56   INFO    - Logged user: 2
<<<<<<< Updated upstream
2017-09-22   12:06:09   INFO    - Logged user: 2
2017-09-22   12:06:50   INFO    - Logged user: 2
2017-09-22   12:08:55   INFO    - Logged user: 2
2017-09-22   12:09:27   INFO    - Logged user: 2
2017-09-22   12:12:06   INFO    - Logged user: 2
2017-09-22   12:13:02   INFO    - Logged user: 2
2017-09-22   12:14:25   INFO    - Logged user: 2
2017-09-22   12:15:45   INFO    - Logged user: 2
2017-09-22   12:17:39   INFO    - Logged user: 2
2017-09-22   12:36:08   INFO    - Logged user: 2
2017-09-22   12:37:02   INFO    - Logged user: 2
2017-09-22   12:40:29   INFO    - Logged user: 2
2017-09-22   12:43:33   INFO    - Logged user: 2
=======
2017-09-22   12:29:12   INFO    - Logged user: 2
2017-09-22   12:29:18   INFO    - User: 2 manages the bill 9
2017-09-22   12:29:18   INFO    - User: 2 manages the bill 400
2017-09-22   12:29:18   INFO    - User: 2 manages the bill 363
2017-09-22   12:29:18   INFO    - User: 2 manages the bill 381
2017-09-22   12:29:18   INFO    - User: 2 manages the bill 371
2017-09-22   12:29:19   INFO    - User: 2 manages the injuction 1
>>>>>>> Code
<<<<<<< HEAD
2017-09-22   13:04:19   INFO    - Logged user: 2
2017-09-22   13:04:19   INFO    - User: 2 manages the bill 9
2017-09-22   13:04:19   INFO    - User: 2 manages the bill 400
2017-09-22   13:04:19   INFO    - User: 2 manages the bill 363
2017-09-22   13:04:19   INFO    - User: 2 manages the bill 381
2017-09-22   13:04:19   INFO    - User: 2 manages the bill 371
2017-09-22   13:04:19   INFO    - User: 2 manages the injuction 1
2017-09-22   13:13:38   INFO    - Logged user: 2
2017-09-22   13:13:39   INFO    - User: 2 manages the bill 9
2017-09-22   13:13:39   INFO    - User: 2 manages the bill 400
2017-09-22   13:13:39   INFO    - User: 2 manages the bill 363
2017-09-22   13:13:39   INFO    - User: 2 manages the bill 381
2017-09-22   13:13:39   INFO    - User: 2 manages the bill 371
2017-09-22   13:13:39   INFO    - User: 2 manages the injuction 1
2017-09-22   13:32:27   INFO    - Logged user: 2
2017-09-22   13:32:27   INFO    - User: 2 manages the bill 9
2017-09-22   13:32:27   INFO    - User: 2 manages the bill 400
2017-09-22   13:32:27   INFO    - User: 2 manages the bill 363
2017-09-22   13:32:27   INFO    - User: 2 manages the bill 381
2017-09-22   13:32:27   INFO    - User: 2 manages the bill 371
2017-09-22   13:32:27   INFO    - User: 2 manages the injuction 1
2017-09-22   13:33:13   INFO    - Logged user: 2
2017-09-22   13:33:13   INFO    - User: 2 manages the bill 9
2017-09-22   13:33:13   INFO    - User: 2 manages the bill 400
2017-09-22   13:33:13   INFO    - User: 2 manages the bill 363
2017-09-22   13:33:13   INFO    - User: 2 manages the bill 381
2017-09-22   13:33:13   INFO    - User: 2 manages the bill 371
2017-09-22   13:33:14   INFO    - User: 2 manages the injuction 1
=======
=======
2017-09-22   11:09:49   INFO    - Logged user: 2
>>>>>>> Stashed changes
>>>>>>> Code
2017-09-28   14:51:43   INFO    - Logged user: 2
2017-09-28   14:51:44   INFO    - User: 2 manages the bill 9
2017-09-28   14:51:44   INFO    - User: 2 manages the bill 400
2017-09-28   14:51:44   INFO    - User: 2 manages the bill 363
2017-09-28   14:51:44   INFO    - User: 2 manages the bill 381
2017-09-28   14:51:44   INFO    - User: 2 manages the bill 371
2017-09-28   14:51:44   INFO    - User: 2 manages the injuction 1
2017-09-28   14:52:33   INFO    - Logged user: 2
2017-09-28   14:52:33   INFO    - User: 2 manages the bill 9
2017-09-28   14:52:33   INFO    - User: 2 manages the bill 400
2017-09-28   14:52:33   INFO    - User: 2 manages the bill 363
2017-09-28   14:52:33   INFO    - User: 2 manages the bill 381
2017-09-28   14:52:33   INFO    - User: 2 manages the bill 371
2017-09-28   14:52:33   INFO    - User: 2 manages the injuction 1
2017-09-28   14:53:22   INFO    - Logged user: 2
2017-09-28   14:53:23   INFO    - User: 2 manages the bill 9
2017-09-28   14:53:23   INFO    - User: 2 manages the bill 400
2017-09-28   14:53:23   INFO    - User: 2 manages the bill 363
2017-09-28   14:53:23   INFO    - User: 2 manages the bill 381
2017-09-28   14:53:23   INFO    - User: 2 manages the bill 371
2017-09-28   14:53:23   INFO    - User: 2 manages the injuction 1
2017-09-28   14:57:27   INFO    - Logged user: 2
2017-09-28   14:57:27   INFO    - User: 2 manages the bill 9
2017-09-28   14:57:27   INFO    - User: 2 manages the bill 400
2017-09-28   14:57:27   INFO    - User: 2 manages the bill 363
2017-09-28   14:57:27   INFO    - User: 2 manages the bill 381
2017-09-28   14:57:27   INFO    - User: 2 manages the bill 371
2017-09-28   14:57:27   INFO    - User: 2 manages the injuction 1
2017-09-28   14:59:01   INFO    - Logged user: 2
2017-09-28   14:59:02   INFO    - User: 2 manages the bill 9
2017-09-28   14:59:02   INFO    - User: 2 manages the bill 400
2017-09-28   14:59:02   INFO    - User: 2 manages the bill 363
2017-09-28   14:59:02   INFO    - User: 2 manages the bill 381
2017-09-28   14:59:02   INFO    - User: 2 manages the bill 371
2017-09-28   14:59:02   INFO    - User: 2 manages the injuction 1
2017-09-28   15:00:12   INFO    - Logged user: 2
2017-09-28   15:00:12   INFO    - User: 2 manages the bill 9
2017-09-28   15:00:12   INFO    - User: 2 manages the bill 400
2017-09-28   15:00:12   INFO    - User: 2 manages the bill 363
2017-09-28   15:00:12   INFO    - User: 2 manages the bill 381
2017-09-28   15:00:12   INFO    - User: 2 manages the bill 371
2017-09-28   15:00:12   INFO    - User: 2 manages the injuction 1
2017-09-28   15:05:16   INFO    - Logged user: 2
2017-09-28   15:05:17   INFO    - User: 2 manages the bill 9
2017-09-28   15:05:17   INFO    - User: 2 manages the bill 400
2017-09-28   15:05:17   INFO    - User: 2 manages the bill 363
2017-09-28   15:05:17   INFO    - User: 2 manages the bill 381
2017-09-28   15:05:17   INFO    - User: 2 manages the bill 371
2017-09-28   15:05:17   INFO    - User: 2 manages the injuction 1
2017-09-28   15:07:29   INFO    - Logged user: 2
2017-09-28   15:07:29   INFO    - User: 2 manages the bill 9
2017-09-28   15:07:29   INFO    - User: 2 manages the bill 400
2017-09-28   15:07:29   INFO    - User: 2 manages the bill 363
2017-09-28   15:07:29   INFO    - User: 2 manages the bill 381
2017-09-28   15:07:29   INFO    - User: 2 manages the bill 371
2017-09-28   15:07:29   INFO    - User: 2 manages the injuction 1
2017-09-28   15:09:31   INFO    - Logged user: 2
2017-09-28   15:09:32   INFO    - User: 2 manages the bill 9
2017-09-28   15:09:32   INFO    - User: 2 manages the bill 400
2017-09-28   15:09:32   INFO    - User: 2 manages the bill 363
2017-09-28   15:09:32   INFO    - User: 2 manages the bill 381
2017-09-28   15:09:32   INFO    - User: 2 manages the bill 371
2017-09-28   15:09:32   INFO    - User: 2 manages the injuction 1
2017-09-28   15:10:55   INFO    - Logged user: 2
2017-09-28   15:10:55   INFO    - User: 2 manages the bill 9
2017-09-28   15:10:55   INFO    - User: 2 manages the bill 400
2017-09-28   15:10:55   INFO    - User: 2 manages the bill 363
2017-09-28   15:10:55   INFO    - User: 2 manages the bill 381
2017-09-28   15:10:55   INFO    - User: 2 manages the bill 371
2017-09-28   15:10:55   INFO    - User: 2 manages the injuction 1
2017-09-28   15:18:27   INFO    - Logged user: 2
2017-09-28   15:18:27   INFO    - User: 2 manages the bill 9
2017-09-28   15:18:27   INFO    - User: 2 manages the bill 400
2017-09-28   15:18:27   INFO    - User: 2 manages the bill 363
2017-09-28   15:18:27   INFO    - User: 2 manages the bill 381
2017-09-28   15:18:27   INFO    - User: 2 manages the bill 371
2017-09-28   15:18:27   INFO    - User: 2 manages the injuction 1
2017-09-28   15:25:26   INFO    - Logged user: 2
2017-09-28   15:25:26   INFO    - User: 2 manages the bill 400
2017-09-28   15:25:26   INFO    - User: 2 manages the bill 363
2017-09-28   15:25:26   INFO    - User: 2 manages the bill 381
2017-09-28   15:25:26   INFO    - User: 2 manages the bill 371
2017-09-28   15:25:26   INFO    - User: 2 manages the bill 362
2017-09-28   15:25:26   INFO    - User: 2 manages the injuction 1
2017-09-28   15:29:54   INFO    - Logged user: 2
2017-09-28   15:29:54   INFO    - User: 2 manages the bill 400
2017-09-28   15:29:54   INFO    - User: 2 manages the bill 363
2017-09-28   15:29:54   INFO    - User: 2 manages the bill 381
2017-09-28   15:29:54   INFO    - User: 2 manages the bill 371
2017-09-28   15:29:54   INFO    - User: 2 manages the bill 362
2017-09-28   15:29:54   INFO    - User: 2 manages the injuction 1
2017-09-28   15:33:06   INFO    - Logged user: 2
2017-09-28   15:33:06   INFO    - User: 2 manages the bill 400
2017-09-28   15:33:06   INFO    - User: 2 manages the bill 363
2017-09-28   15:33:06   INFO    - User: 2 manages the bill 381
2017-09-28   15:33:06   INFO    - User: 2 manages the bill 371
2017-09-28   15:33:06   INFO    - User: 2 manages the bill 362
2017-09-28   15:33:06   INFO    - User: 2 manages the injuction 1
2017-09-28   15:56:27   INFO    - Logged user: 2
2017-09-28   15:56:53   INFO    - Logged user: 2
2017-09-28   16:08:37   INFO    - Logged user: 2
2017-09-28   16:08:38   INFO    - User: 2 manages the bill 400
2017-09-28   16:08:38   INFO    - User: 2 manages the bill 363
2017-09-28   16:08:38   INFO    - User: 2 manages the bill 381
2017-09-28   16:08:38   INFO    - User: 2 manages the bill 371
2017-09-28   16:08:38   INFO    - User: 2 manages the bill 362
2017-09-28   16:08:38   INFO    - User: 2 manages the injuction 1
2017-09-28   16:10:28   INFO    - Logged user: 2
2017-09-28   16:10:29   INFO    - User: 2 manages the bill 400
2017-09-28   16:10:29   INFO    - User: 2 manages the bill 363
2017-09-28   16:10:29   INFO    - User: 2 manages the bill 381
2017-09-28   16:10:29   INFO    - User: 2 manages the bill 371
2017-09-28   16:10:29   INFO    - User: 2 manages the bill 362
2017-09-28   16:10:29   INFO    - User: 2 manages the injuction 1
2017-09-28   16:10:43   INFO    - Logged user: 2
2017-09-28   16:10:43   INFO    - User: 2 manages the bill 400
2017-09-28   16:10:43   INFO    - User: 2 manages the bill 363
2017-09-28   16:10:43   INFO    - User: 2 manages the bill 381
2017-09-28   16:10:43   INFO    - User: 2 manages the bill 371
2017-09-28   16:10:43   INFO    - User: 2 manages the bill 362
2017-09-28   16:10:44   INFO    - User: 2 manages the injuction 1
2017-09-28   16:15:26   INFO    - Logged user: 2
2017-09-28   16:15:27   INFO    - User: 2 manages the bill 400
2017-09-28   16:15:27   INFO    - User: 2 manages the bill 363
2017-09-28   16:15:27   INFO    - User: 2 manages the bill 381
2017-09-28   16:15:27   INFO    - User: 2 manages the bill 371
2017-09-28   16:15:27   INFO    - User: 2 manages the bill 362
2017-09-28   16:15:27   INFO    - User: 2 manages the injuction 1
2017-09-28   16:17:45   INFO    - Logged user: 2
2017-09-28   16:17:46   INFO    - User: 2 manages the bill 400
2017-09-28   16:17:46   INFO    - User: 2 manages the bill 363
2017-09-28   16:17:46   INFO    - User: 2 manages the bill 381
2017-09-28   16:17:46   INFO    - User: 2 manages the bill 371
2017-09-28   16:17:46   INFO    - User: 2 manages the bill 362
2017-09-28   16:17:46   INFO    - User: 2 manages the injuction 1
2017-09-28   16:21:42   INFO    - Logged user: 2
2017-09-28   16:22:07   INFO    - Logged user: 2
2017-09-28   16:22:07   INFO    - User: 2 manages the bill 400
2017-09-28   16:22:07   INFO    - User: 2 manages the bill 363
2017-09-28   16:22:07   INFO    - User: 2 manages the bill 381
2017-09-28   16:22:07   INFO    - User: 2 manages the bill 371
2017-09-28   16:22:07   INFO    - User: 2 manages the bill 362
2017-09-28   16:22:07   INFO    - User: 2 manages the injuction 1
2017-09-28   16:31:41   INFO    - Logged user: 2
2017-09-28   16:31:42   INFO    - User: 2 manages the bill 400
2017-09-28   16:31:42   INFO    - User: 2 manages the bill 363
2017-09-28   16:31:42   INFO    - User: 2 manages the bill 381
2017-09-28   16:31:42   INFO    - User: 2 manages the bill 371
2017-09-28   16:31:42   INFO    - User: 2 manages the bill 362
2017-09-28   16:31:42   INFO    - User: 2 manages the injuction 1
2017-09-28   16:32:26   INFO    - Logged user: 2
2017-09-28   16:32:27   INFO    - User: 2 manages the bill 400
2017-09-28   16:32:27   INFO    - User: 2 manages the bill 363
2017-09-28   16:32:27   INFO    - User: 2 manages the bill 381
2017-09-28   16:32:27   INFO    - User: 2 manages the bill 371
2017-09-28   16:32:27   INFO    - User: 2 manages the bill 362
2017-09-28   16:32:27   INFO    - User: 2 manages the injuction 1
2017-09-28   17:26:59   INFO    - Logged user: 2
2017-09-28   17:27:00   INFO    - User: 2 manages the bill 400
2017-09-28   17:27:00   INFO    - User: 2 manages the bill 363
2017-09-28   17:27:00   INFO    - User: 2 manages the bill 381
2017-09-28   17:27:00   INFO    - User: 2 manages the bill 371
2017-09-28   17:27:00   INFO    - User: 2 manages the bill 362
2017-09-28   17:27:00   INFO    - User: 2 manages the injuction 1
2017-09-28   17:27:55   INFO    - Logged user: 2
2017-09-28   17:27:55   INFO    - User: 2 manages the bill 400
2017-09-28   17:27:55   INFO    - User: 2 manages the bill 363
2017-09-28   17:27:55   INFO    - User: 2 manages the bill 381
2017-09-28   17:27:55   INFO    - User: 2 manages the bill 371
2017-09-28   17:27:55   INFO    - User: 2 manages the bill 362
2017-09-28   17:27:55   INFO    - User: 2 manages the injuction 1
2017-09-28   17:29:14   INFO    - Logged user: 2
2017-09-28   17:29:15   INFO    - User: 2 manages the bill 400
2017-09-28   17:29:15   INFO    - User: 2 manages the bill 363
2017-09-28   17:29:15   INFO    - User: 2 manages the bill 381
2017-09-28   17:29:15   INFO    - User: 2 manages the bill 371
2017-09-28   17:29:15   INFO    - User: 2 manages the bill 362
2017-09-28   17:29:15   INFO    - User: 2 manages the injuction 1
2017-09-28   18:04:57   INFO    - Logged user: 2
2017-09-28   18:04:58   INFO    - User: 2 manages the bill 400
2017-09-28   18:04:58   INFO    - User: 2 manages the bill 363
2017-09-28   18:04:58   INFO    - User: 2 manages the bill 381
2017-09-28   18:04:58   INFO    - User: 2 manages the bill 371
2017-09-28   18:04:58   INFO    - User: 2 manages the bill 362
2017-09-28   18:04:58   INFO    - User: 2 manages the injuction 1
2017-09-28   18:10:07   INFO    - Logged user: 2
2017-09-28   18:10:07   INFO    - User: 2 manages the bill 400
2017-09-28   18:10:07   INFO    - User: 2 manages the bill 363
2017-09-28   18:10:07   INFO    - User: 2 manages the bill 381
2017-09-28   18:10:07   INFO    - User: 2 manages the bill 371
2017-09-28   18:10:07   INFO    - User: 2 manages the bill 362
2017-09-28   18:10:07   INFO    - User: 2 manages the injuction 1
2017-09-28   18:11:29   INFO    - Logged user: 2
2017-09-28   18:11:29   INFO    - User: 2 manages the bill 400
2017-09-28   18:11:29   INFO    - User: 2 manages the bill 363
2017-09-28   18:11:29   INFO    - User: 2 manages the bill 381
2017-09-28   18:11:29   INFO    - User: 2 manages the bill 371
2017-09-28   18:11:29   INFO    - User: 2 manages the bill 362
2017-09-28   18:11:29   INFO    - User: 2 manages the injuction 1
2017-09-28   18:11:55   INFO    - Logged user: 2
2017-09-28   18:11:56   INFO    - User: 2 manages the bill 400
2017-09-28   18:11:56   INFO    - User: 2 manages the bill 363
2017-09-28   18:11:56   INFO    - User: 2 manages the bill 381
2017-09-28   18:11:56   INFO    - User: 2 manages the bill 371
2017-09-28   18:11:56   INFO    - User: 2 manages the bill 362
2017-09-28   18:11:56   INFO    - User: 2 manages the injuction 1
2017-09-28   18:50:13   INFO    - Logged user: 2
2017-09-28   18:50:14   INFO    - User: 2 manages the bill 400
2017-09-28   18:50:14   INFO    - User: 2 manages the bill 363
2017-09-28   18:50:14   INFO    - User: 2 manages the bill 381
2017-09-28   18:50:14   INFO    - User: 2 manages the bill 371
2017-09-28   18:50:14   INFO    - User: 2 manages the bill 362
2017-09-28   18:50:14   INFO    - User: 2 manages the injuction 1
2017-09-28   18:54:49   INFO    - Logged user: 2
2017-09-28   18:54:49   INFO    - User: 2 manages the bill 400
2017-09-28   18:54:49   INFO    - User: 2 manages the bill 363
2017-09-28   18:54:49   INFO    - User: 2 manages the bill 381
2017-09-28   18:54:49   INFO    - User: 2 manages the bill 371
2017-09-28   18:54:49   INFO    - User: 2 manages the bill 362
2017-09-28   18:54:49   INFO    - User: 2 manages the injuction 1
2017-09-28   18:56:12   INFO    - Logged user: 2
2017-09-28   18:56:12   INFO    - User: 2 manages the bill 400
2017-09-28   18:56:12   INFO    - User: 2 manages the bill 363
2017-09-28   18:56:12   INFO    - User: 2 manages the bill 381
2017-09-28   18:56:12   INFO    - User: 2 manages the bill 371
2017-09-28   18:56:12   INFO    - User: 2 manages the bill 362
2017-09-28   18:56:12   INFO    - User: 2 manages the injuction 1
2017-09-28   18:57:31   INFO    - Logged user: 2
2017-09-28   18:57:32   INFO    - User: 2 manages the bill 400
2017-09-28   18:57:32   INFO    - User: 2 manages the bill 363
2017-09-28   18:57:32   INFO    - User: 2 manages the bill 381
2017-09-28   18:57:32   INFO    - User: 2 manages the bill 371
2017-09-28   18:57:32   INFO    - User: 2 manages the bill 362
2017-09-28   18:57:32   INFO    - User: 2 manages the injuction 1
2017-09-28   19:22:54   INFO    - Logged user: 2
2017-09-28   19:22:54   INFO    - User: 2 manages the bill 400
2017-09-28   19:22:54   INFO    - User: 2 manages the bill 363
2017-09-28   19:22:54   INFO    - User: 2 manages the bill 381
2017-09-28   19:22:54   INFO    - User: 2 manages the bill 371
2017-09-28   19:22:54   INFO    - User: 2 manages the bill 362
2017-09-28   19:22:55   INFO    - User: 2 manages the injuction 1
